1607953493748	geckodriver	INFO	Listening on 127.0.0.1:53357
1607953496778	mozrunner::runner	INFO	Running command: "C:\\Program Files\\Mozilla Firefox\\firefox.exe" "--marionette" "-foreground" "-no-remote" "-profile" "C:\\Users\\aggpa\\AppData\\Local\\Temp\\rust_mozprofilei3qxIM"
Can't find symbol 'eglSwapBuffersWithDamageEXT'.
Can't find symbol 'eglSetDamageRegionKHR'.
JavaScript error: resource://gre/modules/XULStore.jsm, line 66: Error: Can't find profile directory.
console.warn: SearchSettings: "get: No settings file exists, new profile?" (new Error("", "(unknown module)"))
1607953499468	Marionette	INFO	Listening on port 53365
1607953499908	Marionette	WARN	TLS certificate errors will be ignored for this session
1607953545012	Marionette	INFO	Stopped listening on port 53365

###!!! [Child][RunMessage] Error: Channel closing: too late to send/recv, messages will be lost


###!!! [Child][MessageChannel::SendAndWait] Error: Channel error: cannot send/recv

1607953851228	geckodriver	INFO	Listening on 127.0.0.1:53464
1607953854265	mozrunner::runner	INFO	Running command: "C:\\Program Files\\Mozilla Firefox\\firefox.exe" "--marionette" "-foreground" "-no-remote" "-profile" "C:\\Users\\aggpa\\AppData\\Local\\Temp\\rust_mozprofileicTfUa"
Can't find symbol 'eglSwapBuffersWithDamageEXT'.
Can't find symbol 'eglSetDamageRegionKHR'.
JavaScript error: resource://gre/modules/XULStore.jsm, line 66: Error: Can't find profile directory.
console.warn: SearchSettings: "get: No settings file exists, new profile?" (new Error("", "(unknown module)"))
1607953856670	Marionette	INFO	Listening on port 53473
1607953856897	Marionette	WARN	TLS certificate errors will be ignored for this session
1607953939854	Marionette	INFO	Stopped listening on port 53473

###!!! [Child][RunMessage] Error: Channel closing: too late to send/recv, messages will be lost


###!!! [Child][MessageChannel::SendAndWait] Error: Channel error: cannot send/recv

1607953978903	geckodriver	INFO	Listening on 127.0.0.1:53524
1607953981941	mozrunner::runner	INFO	Running command: "C:\\Program Files\\Mozilla Firefox\\firefox.exe" "--marionette" "-foreground" "-no-remote" "-profile" "C:\\Users\\aggpa\\AppData\\Local\\Temp\\rust_mozprofileqMhioJ"
Can't find symbol 'eglSwapBuffersWithDamageEXT'.
Can't find symbol 'eglSetDamageRegionKHR'.
JavaScript error: resource://gre/modules/XULStore.jsm, line 66: Error: Can't find profile directory.
console.warn: SearchSettings: "get: No settings file exists, new profile?" (new Error("", "(unknown module)"))
1607953984383	Marionette	INFO	Listening on port 53532
1607953984570	Marionette	WARN	TLS certificate errors will be ignored for this session
